<?xml version="1.0" encoding="UTF-8"?>
<!-- Generated by org.testng.reporters.JUnitXMLReporter -->
<testsuite hostname="SL-1029" name="Default test" tests="3" failures="0" timestamp="25 Feb 2020 01:46:07 GMT" time="70.289" errors="0">
  <testcase name="verifyTitleTest" time="6.243" classname="com.yourcompany.Tests.EmulatorBrowserPageTitleTest"/>
  <testcase name="verifyTitleTest" time="34.491" classname="com.yourcompany.Tests.EmulatorBrowserPageTitleTest"/>
  <testcase name="verifyTitleTest" time="68.734" classname="com.yourcompany.Tests.EmulatorBrowserPageTitleTest"/>
</testsuite> <!-- Default test -->
